TN:
SF:app.js
FNF:0
FNH:0
DA:1,1
DA:2,1
DA:3,1
DA:5,1
DA:6,1
DA:7,1
DA:8,1
DA:9,1
DA:10,1
DA:11,1
DA:12,1
DA:14,1
DA:16,1
DA:17,1
DA:21,1
DA:22,1
DA:23,1
DA:25,1
DA:27,1
DA:28,1
DA:29,1
DA:30,1
DA:31,1
DA:33,1
DA:35,1
DA:37,1
LF:26
LH:26
BRF:0
BRH:0
end_of_record
TN:
SF:config/multer.js
FN:10,(anonymous_0)
FN:18,(anonymous_1)
FNF:2
FNH:0
FNDA:0,(anonymous_0)
FNDA:0,(anonymous_1)
DA:1,1
DA:3,1
DA:9,1
DA:11,0
DA:12,0
DA:14,0
DA:16,0
DA:19,0
DA:20,0
DA:21,0
DA:25,1
DA:27,1
LF:12
LH:5
BRDA:14,0,0,0
BRDA:14,0,1,0
BRF:2
BRH:0
end_of_record
TN:
SF:config/roles.js
FNF:0
FNH:0
DA:1,1
DA:6,1
DA:34,1
DA:72,1
LF:4
LH:4
BRF:0
BRH:0
end_of_record
TN:
SF:config/swagger.js
FN:33,(anonymous_0)
FNF:1
FNH:1
FNDA:1,(anonymous_0)
DA:1,1
DA:2,1
DA:4,1
DA:31,1
DA:33,1
DA:34,1
DA:41,1
LF:7
LH:7
BRF:0
BRH:0
end_of_record
TN:
SF:middlewares/authorize.js
FN:3,(anonymous_0)
FN:4,(anonymous_1)
FN:13,(anonymous_2)
FNF:3
FNH:3
FNDA:31,(anonymous_0)
FNDA:8,(anonymous_1)
FNDA:8,(anonymous_2)
DA:1,1
DA:3,1
DA:4,31
DA:5,8
DA:7,8
DA:8,0
DA:11,8
DA:13,8
DA:14,8
DA:17,8
DA:18,2
DA:21,6
DA:25,1
LF:13
LH:12
BRDA:7,0,0,0
BRDA:7,0,1,8
BRDA:11,1,0,8
BRDA:11,1,1,0
BRDA:17,2,0,2
BRDA:17,2,1,6
BRF:6
BRH:4
end_of_record
TN:
SF:middlewares/validator.js
FN:2,(anonymous_0)
FN:3,(anonymous_1)
FN:7,(anonymous_2)
FN:17,(anonymous_3)
FN:18,(anonymous_4)
FN:25,(anonymous_5)
FNF:6
FNH:5
FNDA:15,(anonymous_0)
FNDA:6,(anonymous_1)
FNDA:2,(anonymous_2)
FNDA:21,(anonymous_3)
FNDA:2,(anonymous_4)
FNDA:0,(anonymous_5)
DA:3,15
DA:4,6
DA:6,6
DA:7,2
DA:8,1
DA:14,5
DA:18,21
DA:19,2
DA:24,2
DA:25,0
DA:26,0
DA:32,2
DA:37,1
LF:13
LH:11
BRDA:6,0,0,1
BRDA:6,0,1,5
BRDA:24,1,0,0
BRDA:24,1,1,2
BRF:4
BRH:3
end_of_record
TN:
SF:modules/catergories/category.controller.js
FN:5,(anonymous_0)
FN:19,(anonymous_1)
FN:32,(anonymous_2)
FN:45,(anonymous_3)
FN:58,(anonymous_4)
FN:71,(anonymous_5)
FN:84,(anonymous_6)
FNF:7
FNH:0
FNDA:0,(anonymous_0)
FNDA:0,(anonymous_1)
FNDA:0,(anonymous_2)
FNDA:0,(anonymous_3)
FNDA:0,(anonymous_4)
FNDA:0,(anonymous_5)
FNDA:0,(anonymous_6)
DA:1,1
DA:2,1
DA:6,0
DA:7,0
DA:9,0
DA:15,0
DA:20,0
DA:21,0
DA:23,0
DA:28,0
DA:33,0
DA:34,0
DA:36,0
DA:41,0
DA:46,0
DA:47,0
DA:49,0
DA:54,0
DA:59,0
DA:60,0
DA:62,0
DA:67,0
DA:72,0
DA:73,0
DA:75,0
DA:80,0
DA:85,0
DA:86,0
DA:88,0
DA:93,0
DA:98,1
LF:31
LH:3
BRF:0
BRH:0
end_of_record
TN:
SF:modules/catergories/category.model.js
FNF:0
FNH:0
DA:1,1
DA:3,1
DA:21,1
DA:22,1
LF:4
LH:4
BRF:0
BRH:0
end_of_record
TN:
SF:modules/catergories/category.route.js
FNF:0
FNH:0
DA:1,1
DA:2,1
DA:3,1
DA:4,1
DA:5,1
DA:6,1
DA:7,1
DA:94,1
DA:110,1
DA:133,1
DA:160,1
DA:186,1
DA:222,1
DA:249,1
DA:256,1
LF:15
LH:15
BRF:0
BRH:0
end_of_record
TN:
SF:modules/catergories/category.service.js
FN:6,(anonymous_0)
FN:10,(anonymous_1)
FN:18,(anonymous_2)
FN:22,(anonymous_3)
FN:36,(anonymous_4)
FN:61,(anonymous_5)
FN:70,(anonymous_6)
FNF:7
FNH:0
FNDA:0,(anonymous_0)
FNDA:0,(anonymous_1)
FNDA:0,(anonymous_2)
FNDA:0,(anonymous_3)
FNDA:0,(anonymous_4)
FNDA:0,(anonymous_5)
FNDA:0,(anonymous_6)
DA:1,1
DA:2,1
DA:3,1
DA:7,0
DA:11,0
DA:12,0
DA:13,0
DA:15,0
DA:19,0
DA:23,0
DA:24,0
DA:25,0
DA:32,0
DA:33,0
DA:37,0
DA:38,0
DA:39,0
DA:42,0
DA:43,0
DA:48,0
DA:49,0
DA:57,0
DA:58,0
DA:62,0
DA:63,0
DA:64,0
DA:67,0
DA:71,0
DA:72,0
DA:73,0
DA:75,0
DA:79,1
LF:32
LH:4
BRDA:12,0,0,0
BRDA:12,0,1,0
BRDA:24,1,0,0
BRDA:24,1,1,0
BRDA:38,2,0,0
BRDA:38,2,1,0
BRDA:42,3,0,0
BRDA:42,3,1,0
BRDA:48,4,0,0
BRDA:48,4,1,0
BRDA:63,5,0,0
BRDA:63,5,1,0
BRDA:72,6,0,0
BRDA:72,6,1,0
BRF:14
BRH:0
end_of_record
TN:
SF:modules/catergories/category.validation.js
FNF:0
FNH:0
DA:1,1
DA:2,1
DA:5,1
DA:21,1
DA:37,1
DA:42,1
DA:49,1
LF:7
LH:7
BRF:0
BRH:0
end_of_record
TN:
SF:modules/orderItems/orderItem.controller.js
FN:5,(anonymous_0)
FN:19,(anonymous_1)
FN:35,(anonymous_2)
FN:48,(anonymous_3)
FN:64,(anonymous_4)
FN:81,(anonymous_5)
FNF:6
FNH:0
FNDA:0,(anonymous_0)
FNDA:0,(anonymous_1)
FNDA:0,(anonymous_2)
FNDA:0,(anonymous_3)
FNDA:0,(anonymous_4)
FNDA:0,(anonymous_5)
DA:1,1
DA:2,1
DA:6,0
DA:7,0
DA:9,0
DA:15,0
DA:20,0
DA:21,0
DA:26,0
DA:31,0
DA:36,0
DA:37,0
DA:39,0
DA:44,0
DA:49,0
DA:50,0
DA:55,0
DA:60,0
DA:65,0
DA:66,0
DA:72,0
DA:77,0
DA:82,0
DA:83,0
DA:85,0
DA:90,0
DA:95,1
LF:27
LH:3
BRF:0
BRH:0
end_of_record
TN:
SF:modules/orderItems/orderItem.model.js
FNF:0
FNH:0
DA:1,1
DA:3,1
DA:15,1
DA:17,1
LF:4
LH:4
BRF:0
BRH:0
end_of_record
TN:
SF:modules/orderItems/orderItem.route.js
FNF:0
FNH:0
DA:1,1
DA:2,1
DA:3,1
DA:4,1
DA:5,1
DA:6,1
DA:7,1
DA:98,1
DA:127,1
DA:158,1
DA:186,1
DA:211,1
DA:233,1
DA:240,1
LF:14
LH:14
BRF:0
BRH:0
end_of_record
TN:
SF:modules/orderItems/orderItem.service.js
FN:6,(anonymous_0)
FN:11,(anonymous_1)
FN:28,(anonymous_2)
FN:33,(anonymous_3)
FN:42,(anonymous_4)
FN:62,(anonymous_5)
FNF:6
FNH:0
FNDA:0,(anonymous_0)
FNDA:0,(anonymous_1)
FNDA:0,(anonymous_2)
FNDA:0,(anonymous_3)
FNDA:0,(anonymous_4)
FNDA:0,(anonymous_5)
DA:1,1
DA:2,1
DA:3,1
DA:7,0
DA:8,0
DA:12,0
DA:14,0
DA:15,0
DA:18,0
DA:22,0
DA:25,0
DA:29,0
DA:30,0
DA:34,0
DA:39,0
DA:43,0
DA:45,0
DA:46,0
DA:49,0
DA:53,0
DA:56,0
DA:63,0
DA:65,0
DA:66,0
DA:69,0
DA:73,0
DA:76,0
DA:80,1
LF:28
LH:4
BRDA:7,0,0,0
BRDA:7,0,1,0
BRDA:14,1,0,0
BRDA:14,1,1,0
BRDA:18,2,0,0
BRDA:18,2,1,0
BRDA:19,3,0,0
BRDA:19,3,1,0
BRDA:29,4,0,0
BRDA:29,4,1,0
BRDA:45,5,0,0
BRDA:45,5,1,0
BRDA:49,6,0,0
BRDA:49,6,1,0
BRDA:50,7,0,0
BRDA:50,7,1,0
BRDA:65,8,0,0
BRDA:65,8,1,0
BRDA:69,9,0,0
BRDA:69,9,1,0
BRDA:70,10,0,0
BRDA:70,10,1,0
BRF:22
BRH:0
end_of_record
TN:
SF:modules/orderItems/orderItem.validation.js
FNF:0
FNH:0
DA:1,1
DA:2,1
DA:5,1
DA:16,1
DA:30,1
DA:37,1
LF:6
LH:6
BRF:0
BRH:0
end_of_record
TN:
SF:modules/orders/order.controller.js
FN:5,(anonymous_0)
FN:14,(anonymous_1)
FN:23,(anonymous_2)
FN:32,(anonymous_3)
FN:41,(anonymous_4)
FN:53,(anonymous_5)
FN:62,(anonymous_6)
FN:75,(anonymous_7)
FN:88,(anonymous_8)
FNF:9
FNH:0
FNDA:0,(anonymous_0)
FNDA:0,(anonymous_1)
FNDA:0,(anonymous_2)
FNDA:0,(anonymous_3)
FNDA:0,(anonymous_4)
FNDA:0,(anonymous_5)
FNDA:0,(anonymous_6)
FNDA:0,(anonymous_7)
FNDA:0,(anonymous_8)
DA:1,1
DA:2,1
DA:5,1
DA:6,0
DA:7,0
DA:8,0
DA:10,0
DA:14,1
DA:15,0
DA:16,0
DA:17,0
DA:19,0
DA:23,1
DA:24,0
DA:25,0
DA:26,0
DA:28,0
DA:32,1
DA:33,0
DA:34,0
DA:35,0
DA:37,0
DA:41,1
DA:42,0
DA:43,0
DA:47,0
DA:49,0
DA:53,1
DA:54,0
DA:55,0
DA:56,0
DA:58,0
DA:62,1
DA:63,0
DA:64,0
DA:69,0
DA:71,0
DA:75,1
DA:76,0
DA:77,0
DA:82,0
DA:84,0
DA:88,1
DA:89,0
DA:90,0
DA:91,0
DA:98,0
DA:103,1
LF:48
LH:12
BRF:0
BRH:0
end_of_record
TN:
SF:modules/orders/order.model.js
FN:63,(anonymous_0)
FNF:1
FNH:0
FNDA:0,(anonymous_0)
DA:1,1
DA:9,1
DA:63,1
DA:64,0
DA:67,1
DA:71,1
DA:72,1
LF:7
LH:6
BRF:0
BRH:0
end_of_record
TN:
SF:modules/orders/order.route.js
FNF:0
FNH:0
DA:1,1
DA:2,1
DA:3,1
DA:4,1
DA:5,1
DA:6,1
DA:7,1
DA:38,1
DA:63,1
DA:94,1
DA:126,1
DA:152,1
DA:171,1
DA:195,1
DA:214,1
DA:232,1
DA:238,1
LF:17
LH:17
BRF:0
BRH:0
end_of_record
TN:
SF:modules/orders/order.service.js
FN:7,(anonymous_0)
FN:15,(anonymous_1)
FN:19,(anonymous_2)
FN:29,(anonymous_3)
FN:35,(anonymous_4)
FN:57,(anonymous_5)
FN:67,(anonymous_6)
FN:79,(anonymous_7)
FN:97,(anonymous_8)
FN:116,(anonymous_9)
FN:136,(anonymous_10)
FN:158,(anonymous_11)
FN:169,(anonymous_12)
FNF:13
FNH:0
FNDA:0,(anonymous_0)
FNDA:0,(anonymous_1)
FNDA:0,(anonymous_2)
FNDA:0,(anonymous_3)
FNDA:0,(anonymous_4)
FNDA:0,(anonymous_5)
FNDA:0,(anonymous_6)
FNDA:0,(anonymous_7)
FNDA:0,(anonymous_8)
FNDA:0,(anonymous_9)
FNDA:0,(anonymous_10)
FNDA:0,(anonymous_11)
FNDA:0,(anonymous_12)
DA:1,1
DA:2,1
DA:3,1
DA:4,1
DA:8,0
DA:12,0
DA:16,0
DA:20,0
DA:30,0
DA:36,0
DA:46,0
DA:47,0
DA:50,0
DA:51,0
DA:54,0
DA:58,0
DA:59,0
DA:66,0
DA:68,0
DA:73,0
DA:74,0
DA:78,0
DA:80,0
DA:85,0
DA:86,0
DA:93,0
DA:97,0
DA:99,0
DA:113,0
DA:117,0
DA:118,0
DA:119,0
DA:122,0
DA:123,0
DA:126,0
DA:127,0
DA:128,0
DA:129,0
DA:130,0
DA:131,0
DA:133,0
DA:137,0
DA:138,0
DA:145,0
DA:151,0
DA:152,0
DA:155,0
DA:159,0
DA:160,0
DA:161,0
DA:164,0
DA:165,0
DA:168,0
DA:169,0
DA:172,0
DA:173,0
DA:177,1
LF:57
LH:5
BRDA:12,0,0,0
BRDA:12,0,1,0
BRDA:46,1,0,0
BRDA:46,1,1,0
BRDA:50,2,0,0
BRDA:50,2,1,0
BRDA:50,3,0,0
BRDA:50,3,1,0
BRDA:58,4,0,0
BRDA:58,4,1,0
BRDA:58,5,0,0
BRDA:58,5,1,0
BRDA:85,6,0,0
BRDA:85,6,1,0
BRDA:85,7,0,0
BRDA:85,7,1,0
BRDA:118,8,0,0
BRDA:118,8,1,0
BRDA:122,9,0,0
BRDA:122,9,1,0
BRDA:122,10,0,0
BRDA:122,10,1,0
BRDA:126,11,0,0
BRDA:126,11,1,0
BRDA:127,12,0,0
BRDA:127,12,1,0
BRDA:128,13,0,0
BRDA:128,13,1,0
BRDA:129,14,0,0
BRDA:129,14,1,0
BRDA:130,15,0,0
BRDA:130,15,1,0
BRDA:131,16,0,0
BRDA:131,16,1,0
BRDA:137,17,0,0
BRDA:137,17,1,0
BRDA:151,18,0,0
BRDA:151,18,1,0
BRDA:160,19,0,0
BRDA:160,19,1,0
BRDA:164,20,0,0
BRDA:164,20,1,0
BRDA:164,21,0,0
BRDA:164,21,1,0
BRF:44
BRH:0
end_of_record
TN:
SF:modules/orders/order.validation.js
FNF:0
FNH:0
DA:1,1
DA:2,1
DA:5,1
DA:51,1
DA:59,1
DA:66,1
LF:6
LH:6
BRF:0
BRH:0
end_of_record
TN:
SF:modules/products/product.controller.js
FN:5,(anonymous_0)
FN:19,(anonymous_1)
FN:28,(anonymous_2)
FN:37,(anonymous_3)
FN:45,(anonymous_4)
FN:57,(anonymous_5)
FN:71,(anonymous_6)
FN:80,(anonymous_7)
FN:88,(anonymous_8)
FN:100,(anonymous_9)
FN:111,(anonymous_10)
FNF:11
FNH:0
FNDA:0,(anonymous_0)
FNDA:0,(anonymous_1)
FNDA:0,(anonymous_2)
FNDA:0,(anonymous_3)
FNDA:0,(anonymous_4)
FNDA:0,(anonymous_5)
FNDA:0,(anonymous_6)
FNDA:0,(anonymous_7)
FNDA:0,(anonymous_8)
FNDA:0,(anonymous_9)
FNDA:0,(anonymous_10)
DA:1,1
DA:2,1
DA:5,1
DA:6,0
DA:7,0
DA:8,0
DA:9,0
DA:13,0
DA:15,0
DA:19,1
DA:20,0
DA:21,0
DA:22,0
DA:24,0
DA:28,1
DA:29,0
DA:30,0
DA:31,0
DA:33,0
DA:37,1
DA:38,0
DA:39,0
DA:40,0
DA:42,0
DA:45,1
DA:46,0
DA:47,0
DA:49,0
DA:54,0
DA:57,1
DA:58,0
DA:59,0
DA:60,0
DA:61,0
DA:65,0
DA:67,0
DA:71,1
DA:72,0
DA:73,0
DA:74,0
DA:76,0
DA:80,1
DA:81,0
DA:82,0
DA:83,0
DA:85,0
DA:88,1
DA:89,0
DA:90,0
DA:92,0
DA:97,0
DA:100,1
DA:101,0
DA:102,0
DA:103,0
DA:108,0
DA:111,1
DA:112,0
DA:113,0
DA:119,0
DA:124,0
DA:129,1
LF:62
LH:14
BRDA:8,0,0,0
BRDA:8,0,1,0
BRDA:60,1,0,0
BRDA:60,1,1,0
BRF:4
BRH:0
end_of_record
TN:
SF:modules/products/product.model.js
FN:74,(anonymous_0)
FNF:1
FNH:0
FNDA:0,(anonymous_0)
DA:1,1
DA:3,1
DA:74,1
DA:75,0
DA:78,1
DA:83,1
DA:85,1
LF:7
LH:6
BRF:0
BRH:0
end_of_record
TN:
SF:modules/products/product.route.js
FNF:0
FNH:0
DA:1,1
DA:2,1
DA:3,1
DA:4,1
DA:5,1
DA:6,1
DA:7,1
DA:8,1
DA:182,1
DA:205,1
DA:232,1
DA:266,1
DA:286,1
DA:311,1
DA:337,1
DA:374,1
DA:415,1
DA:458,1
DA:485,1
DA:492,1
LF:20
LH:20
BRF:0
BRH:0
end_of_record
TN:
SF:modules/products/product.service.js
FN:9,(anonymous_0)
FN:46,(anonymous_1)
FN:53,(anonymous_2)
FN:63,(anonymous_3)
FN:66,(anonymous_4)
FN:79,(anonymous_5)
FN:90,(anonymous_6)
FN:112,(anonymous_7)
FN:127,(anonymous_8)
FN:145,(anonymous_9)
FN:151,(anonymous_10)
FN:157,(anonymous_11)
FNF:12
FNH:0
FNDA:0,(anonymous_0)
FNDA:0,(anonymous_1)
FNDA:0,(anonymous_2)
FNDA:0,(anonymous_3)
FNDA:0,(anonymous_4)
FNDA:0,(anonymous_5)
FNDA:0,(anonymous_6)
FNDA:0,(anonymous_7)
FNDA:0,(anonymous_8)
FNDA:0,(anonymous_9)
FNDA:0,(anonymous_10)
FNDA:0,(anonymous_11)
DA:1,1
DA:2,1
DA:3,1
DA:4,1
DA:7,1
DA:10,0
DA:11,0
DA:12,0
DA:13,0
DA:14,0
DA:16,0
DA:17,0
DA:18,0
DA:21,0
DA:22,0
DA:25,0
DA:26,0
DA:29,0
DA:30,0
DA:33,0
DA:34,0
DA:37,0
DA:43,0
DA:47,0
DA:48,0
DA:49,0
DA:50,0
DA:54,0
DA:58,0
DA:59,0
DA:60,0
DA:64,0
DA:68,0
DA:70,0
DA:71,0
DA:74,0
DA:80,0
DA:81,0
DA:82,0
DA:87,0
DA:91,0
DA:92,0
DA:93,0
DA:101,0
DA:102,0
DA:103,0
DA:104,0
DA:105,0
DA:106,0
DA:108,0
DA:109,0
DA:113,0
DA:114,0
DA:115,0
DA:116,0
DA:118,0
DA:119,0
DA:122,0
DA:123,0
DA:125,0
DA:128,0
DA:130,0
DA:131,0
DA:134,0
DA:136,0
DA:138,0
DA:139,0
DA:141,0
DA:143,0
DA:146,0
DA:147,0
DA:148,0
DA:149,0
DA:152,0
DA:153,0
DA:156,0
DA:157,0
DA:159,0
DA:165,0
DA:166,0
DA:169,0
DA:173,1
LF:82
LH:6
BRDA:12,0,0,0
BRDA:12,0,1,0
BRDA:13,1,0,0
BRDA:13,1,1,0
BRDA:16,2,0,0
BRDA:16,2,1,0
BRDA:21,3,0,0
BRDA:21,3,1,0
BRDA:25,4,0,0
BRDA:25,4,1,0
BRDA:29,5,0,0
BRDA:29,5,1,0
BRDA:33,6,0,0
BRDA:33,6,1,0
BRDA:48,7,0,0
BRDA:48,7,1,0
BRDA:58,8,0,0
BRDA:58,8,1,0
BRDA:70,9,0,0
BRDA:70,9,1,0
BRDA:92,10,0,0
BRDA:92,10,1,0
BRDA:105,11,0,0
BRDA:105,11,1,0
BRDA:113,12,0,0
BRDA:113,12,1,0
BRDA:115,13,0,0
BRDA:115,13,1,0
BRDA:122,14,0,0
BRDA:122,14,1,0
BRDA:130,15,0,0
BRDA:130,15,1,0
BRDA:147,16,0,0
BRDA:147,16,1,0
BRDA:152,17,0,0
BRDA:152,17,1,0
BRDA:152,18,0,0
BRDA:152,18,1,0
BRDA:165,19,0,0
BRDA:165,19,1,0
BRF:40
BRH:0
end_of_record
TN:
SF:modules/products/product.validation.js
FNF:0
FNH:0
DA:1,1
DA:2,1
DA:5,1
DA:53,1
DA:96,1
DA:106,1
DA:111,1
DA:121,1
LF:8
LH:8
BRF:0
BRH:0
end_of_record
TN:
SF:modules/users/user.controller.js
FN:5,(anonymous_0)
FN:13,(anonymous_1)
FN:29,(anonymous_2)
FN:38,(anonymous_3)
FN:47,(anonymous_4)
FN:56,(anonymous_5)
FN:66,(anonymous_6)
FN:79,(anonymous_7)
FN:91,(anonymous_8)
FN:105,(anonymous_9)
FNF:10
FNH:7
FNDA:1,(anonymous_0)
FNDA:1,(anonymous_1)
FNDA:1,(anonymous_2)
FNDA:0,(anonymous_3)
FNDA:0,(anonymous_4)
FNDA:3,(anonymous_5)
FNDA:1,(anonymous_6)
FNDA:1,(anonymous_7)
FNDA:1,(anonymous_8)
FNDA:0,(anonymous_9)
DA:1,1
DA:2,1
DA:6,1
DA:7,1
DA:8,0
DA:10,1
DA:14,1
DA:15,1
DA:17,1
DA:18,0
DA:23,1
DA:25,0
DA:30,1
DA:31,1
DA:32,1
DA:34,0
DA:39,0
DA:40,0
DA:41,0
DA:43,0
DA:48,0
DA:49,0
DA:50,0
DA:52,0
DA:57,3
DA:58,3
DA:60,1
DA:62,2
DA:67,1
DA:68,1
DA:69,1
DA:76,0
DA:80,1
DA:81,1
DA:82,1
DA:83,1
DA:85,0
DA:87,1
DA:92,1
DA:93,1
DA:98,0
DA:102,1
DA:106,0
DA:112,1
LF:44
LH:28
BRDA:17,0,0,0
BRDA:17,0,1,1
BRDA:81,1,0,1
BRDA:81,1,1,1
BRF:4
BRH:3
end_of_record
TN:
SF:modules/users/user.model.js
FN:57,(anonymous_0)
FNF:1
FNH:1
FNDA:4,(anonymous_0)
DA:1,1
DA:4,1
DA:57,1
DA:58,4
DA:61,1
DA:65,1
DA:67,1
LF:7
LH:7
BRF:0
BRH:0
end_of_record
TN:
SF:modules/users/user.route.js
FNF:0
FNH:0
DA:1,1
DA:2,1
DA:3,1
DA:4,1
DA:5,1
DA:6,1
DA:7,1
DA:188,1
DA:216,1
DA:241,1
DA:255,1
DA:281,1
DA:308,1
DA:335,1
DA:355,1
DA:382,1
DA:420,1
DA:449,1
DA:456,1
LF:19
LH:19
BRF:0
BRH:0
end_of_record
TN:
SF:modules/users/user.service.js
FN:10,(anonymous_0)
FN:15,(anonymous_1)
FN:22,(anonymous_2)
FN:26,(anonymous_3)
FN:42,(anonymous_4)
FN:72,(anonymous_5)
FN:86,(anonymous_6)
FN:105,(anonymous_7)
FNF:8
FNH:6
FNDA:1,(anonymous_0)
FNDA:2,(anonymous_1)
FNDA:0,(anonymous_2)
FNDA:0,(anonymous_3)
FNDA:3,(anonymous_4)
FNDA:1,(anonymous_5)
FNDA:1,(anonymous_6)
FNDA:1,(anonymous_7)
DA:1,1
DA:2,1
DA:3,1
DA:4,1
DA:5,1
DA:8,1
DA:11,1
DA:12,1
DA:16,2
DA:17,2
DA:18,1
DA:19,1
DA:23,0
DA:27,0
DA:39,0
DA:43,3
DA:44,3
DA:45,1
DA:52,2
DA:53,2
DA:54,1
DA:61,1
DA:70,1
DA:73,1
DA:74,1
DA:77,1
DA:80,1
DA:81,1
DA:83,0
DA:87,1
DA:88,1
DA:89,1
DA:92,0
DA:93,0
DA:94,0
DA:101,0
DA:102,0
DA:106,1
DA:107,1
DA:108,0
DA:110,1
DA:114,1
LF:42
LH:32
BRDA:17,0,0,1
BRDA:17,0,1,1
BRDA:31,1,0,0
BRDA:31,1,1,0
BRDA:32,2,0,0
BRDA:32,2,1,0
BRDA:33,3,0,0
BRDA:33,3,1,0
BRDA:34,4,0,0
BRDA:34,4,1,0
BRDA:35,5,0,0
BRDA:35,5,1,0
BRDA:36,6,0,0
BRDA:36,6,1,0
BRDA:37,7,0,0
BRDA:37,7,1,0
BRDA:44,8,0,1
BRDA:44,8,1,2
BRDA:53,9,0,1
BRDA:53,9,1,1
BRDA:73,10,0,1
BRDA:73,10,1,0
BRDA:80,11,0,1
BRDA:80,11,1,0
BRDA:88,12,0,1
BRDA:88,12,1,0
BRDA:93,13,0,0
BRDA:93,13,1,0
BRDA:107,14,0,0
BRDA:107,14,1,1
BRF:30
BRH:10
end_of_record
TN:
SF:modules/users/user.validation.js
FNF:0
FNH:0
DA:1,1
DA:2,1
DA:5,1
DA:28,1
DA:39,1
DA:78,1
DA:83,1
DA:99,1
LF:8
LH:8
BRF:0
BRH:0
end_of_record
TN:
SF:utils/HTTPStatusText.js
FNF:0
FNH:0
DA:2,1
DA:3,1
DA:4,1
DA:7,1
LF:4
LH:4
BRF:0
BRH:0
end_of_record
TN:
SF:utils/customError.js
FN:2,(anonymous_0)
FNF:1
FNH:1
FNDA:5,(anonymous_0)
DA:3,5
DA:4,5
DA:5,5
DA:8,1
LF:4
LH:4
BRDA:2,0,0,0
BRF:1
BRH:0
end_of_record
TN:
SF:utils/error-handler.js
FN:4,(anonymous_0)
FNF:1
FNH:1
FNDA:5,(anonymous_0)
DA:2,1
DA:4,1
DA:5,5
DA:6,0
DA:10,5
DA:11,0
DA:17,5
DA:23,1
LF:8
LH:6
BRDA:5,0,0,0
BRDA:5,0,1,5
BRDA:10,1,0,0
BRDA:10,1,1,5
BRF:4
BRH:2
end_of_record
TN:
SF:utils/jwt.js
FN:4,authJwt
FN:24,isRevoked
FNF:2
FNH:2
FNDA:1,authJwt
FNDA:8,isRevoked
DA:1,1
DA:4,1
DA:5,1
DA:6,1
DA:7,1
DA:25,8
DA:28,1
LF:7
LH:7
BRF:0
BRH:0
end_of_record
TN:
SF:utils/objectID.js
FN:3,(anonymous_0)
FNF:1
FNH:1
FNDA:2,(anonymous_0)
DA:1,1
DA:2,1
DA:3,1
DA:4,2
DA:5,0
DA:7,2
DA:10,1
LF:7
LH:6
BRDA:4,0,0,0
BRDA:4,0,1,2
BRF:2
BRH:1
end_of_record
